Arguments: 
  /usr/local/bin/node /usr/local/bin/yarn install

PATH: 
  /Users/naqibhakimi/miniconda3/bin:/Users/naqibhakimi/miniconda3/condabin:/usr/local/bin:/usr/bin:/bin:/usr/sbin:/sbin:/Library/Apple/usr/bin:/Library/Apple/bin:/usr/local/MacGPG2/bin:/usr/local/share/dotnet:~/.dotnet/tools

Yarn version: 
  1.19.1

Node version: 
  10.16.3

Platform: 
  darwin x64

Trace: 
  Error: https://registry.yarnpkg.com/typescript/-/typescript-3.7.2.tgz: unexpected end of file
      at Zlib.zlibOnError [as onerror] (zlib.js:162:17)

npm manifest: 
  {
    "name": "videogular2",
    "version": "0.0.0-semantically-released",
    "description": "Videogular is a video application framework for desktop and mobile powered by Angular",
    "repository": {
      "type": "git",
      "url": "https://github.com/videogular/videogular2"
    },
    "peerDependencies": {
      "@angular/core": "^8.2.14",
      "rxjs": "^6.5.3"
    },
    "devDependencies": {
      "@angular/animations": "^9.0.0-next.10",
      "@angular/cli": "8.3.19",
      "@angular/common": "^9.0.0-next.10",
      "@angular/compiler": "^9.0.0-next.10",
      "@angular/compiler-cli": "^9.0.0-next.10",
      "@angular/core": "^9.0.0-next.10",
      "@angular/platform-browser": "^9.0.0-next.10",
      "@angular/platform-browser-dynamic": "^9.0.0-next.10",
      "@angular/platform-server": "^9.0.0-next.10",
      "@types/bluebird": "^3.5.29",
      "@types/core-js": "2.5.2",
      "@types/jasmine": "^3.5.0",
      "@types/node": "12.12.12",
      "codelyzer": "5.2.0",
      "commitizen": "4.0.3",
      "core-js": "^3.4.2",
      "cz-conventional-changelog": "3.0.2",
      "es-module-loader": "2.3.0",
      "http-server": "0.11.1",
      "husky": "^3.1.0",
      "jasmine-core": "^3.5.0",
      "karma": "^4.4.1",
      "karma-chrome-launcher": "^3.1.0",
      "karma-coverage": "^2.0.1",
      "karma-firefox-launcher": "^1.2.0",
      "karma-jasmine": "^2.0.1",
      "karma-spec-reporter": "^0.0.32",
      "npm-run-all": "4.1.5",
      "reflect-metadata": "^0.1.13",
      "remap-istanbul": "0.13.0",
      "rimraf": "3.0.0",
      "rxjs": "6.5.2",
      "semantic-release": "15.13.31",
      "systemjs": "^6.1.5",
      "tslint": "5.20.1",
      "typescript": "~3.7.2",
      "validate-commit-msg": "2.14.0",
      "watch": "1.0.2",
      "zone.js": "0.10.2"
    },
    "scripts": {
      "prebuild": "npm run clean",
      "build": "ngc",
      "build-ivy": "ngcc",
      "postbuild": "npm test",
      "build:travis": "ngc",
      "postbuild:travis": "npm run test",
      "clean": "rimraf -rf ./src/**/*.js && rimraf -rf ./src/**/*.d.ts && rimraf -rf ./compiled",
      "commit": "git-cz",
      "coverage": "http-server -c-1 -o -s -p 9875 ./coverage",
      "start": "run-p \"watch:ts\" \"start:coverage-server\"",
      "start:coverage-server": "http-server -c-1 -o -p 9875 ./coverage",
      "test": "karma start karma.conf.js",
      "posttest": "remap-istanbul -i ./coverage/coverage-final.json -o coverage -t html",
      "report-coverage": "cat ./coverage/coverage-final.json | ./node_modules/.bin/remap-istanbul -o coverage-remapped.json",
      "semantic-release": "semantic-release pre && npm publish && semantic-release post",
      "watch:ts": "watch \"npm run build\" src",
      "lint": "tslint -p tsconfig.json -c tslint.json --fix"
    },
    "husky": {
      "hooks": {
        "pre-commit": "npm test",
        "commit-msg": "validate-commit-msg"
      }
    },
    "engines": {
      "node": ">=10.9.0 <11.0.0"
    },
    "keywords": [
      "video",
      "player",
      "framework",
      "angular2",
      "javascript"
    ],
    "author": "Raúl Jiménez <elecash@gmail.com>",
    "contributors": [
      {
        "name": "Alberto García",
        "email": "cernhelm@gmail.com"
      },
      {
        "name": "Joan Llenas Masó",
        "email": "joan.llenas.maso@gmail.com"
      }
    ],
    "license": "MIT",
    "bugs": {
      "url": "https://github.com/videogular/videogular2/issues"
    },
    "config": {
      "commitizen": {
        "path": "node_modules/cz-conventional-changelog"
      },
      "validate-commit-msg": {
        "types": [
          "feat",
          "fix",
          "docs",
          "style",
          "refactor",
          "perf",
          "test",
          "chore",
          "revert",
          "ci"
        ],
        "scope": {
          "required": true,
          "allowed": [
            "*"
          ],
          "validate": true,
          "multiple": false
        },
        "warnOnFail": false,
        "maxSubjectLength": 100,
        "subjectPattern": ".+",
        "subjectPatternErrorMsg": "subject does not match subject pattern!",
        "helpMessage": "",
        "autoFix": false
      }
    },
    "homepage": "http://videogular.com"
  }

yarn manifest: 
  No manifest

Lockfile: 
  No lockfile
